<?xml version="1.0" encoding="UTF-8"?>
<testsuite xmlns:xsi="http://www.w3.org/2001/XMLSchema-instance" xsi:noNamespaceSchemaLocation="https://maven.apache.org/surefire/maven-surefire-plugin/xsd/surefire-test-report.xsd" name="adweb.lab2.WebApplicationTests" time="2.342" tests="1" errors="0" skipped="0" failures="0">
  <properties>
    <property name="sun.desktop" value="windows"/>
    <property name="awt.toolkit" value="sun.awt.windows.WToolkit"/>
    <property name="file.encoding.pkg" value="sun.io"/>
    <property name="java.specification.version" value="1.8"/>
    <property name="sun.cpu.isalist" value="amd64"/>
    <property name="sun.jnu.encoding" value="GBK"/>
    <property name="java.class.path" value="D:\web\2022web_lab2\back\target\test-classes;D:\web\2022web_lab2\back\target\classes;D:\codeSoft\.m2\repository\org\springframework\boot\spring-boot-starter\2.6.7\spring-boot-starter-2.6.7.jar;D:\codeSoft\.m2\repository\org\springframework\boot\spring-boot\2.6.7\spring-boot-2.6.7.jar;D:\codeSoft\.m2\repository\org\springframework\spring-context\5.3.19\spring-context-5.3.19.jar;D:\codeSoft\.m2\repository\org\springframework\boot\spring-boot-autoconfigure\2.6.7\spring-boot-autoconfigure-2.6.7.jar;D:\codeSoft\.m2\repository\org\springframework\boot\spring-boot-starter-logging\2.6.7\spring-boot-starter-logging-2.6.7.jar;D:\codeSoft\.m2\repository\ch\qos\logback\logback-classic\1.2.11\logback-classic-1.2.11.jar;D:\codeSoft\.m2\repository\ch\qos\logback\logback-core\1.2.11\logback-core-1.2.11.jar;D:\codeSoft\.m2\repository\org\apache\logging\log4j\log4j-to-slf4j\2.17.2\log4j-to-slf4j-2.17.2.jar;D:\codeSoft\.m2\repository\org\apache\logging\log4j\log4j-api\2.17.2\log4j-api-2.17.2.jar;D:\codeSoft\.m2\repository\org\slf4j\jul-to-slf4j\1.7.36\jul-to-slf4j-1.7.36.jar;D:\codeSoft\.m2\repository\jakarta\annotation\jakarta.annotation-api\1.3.5\jakarta.annotation-api-1.3.5.jar;D:\codeSoft\.m2\repository\org\springframework\spring-core\5.3.19\spring-core-5.3.19.jar;D:\codeSoft\.m2\repository\org\springframework\spring-jcl\5.3.19\spring-jcl-5.3.19.jar;D:\codeSoft\.m2\repository\org\yaml\snakeyaml\1.29\snakeyaml-1.29.jar;D:\codeSoft\.m2\repository\org\projectlombok\lombok\1.18.24\lombok-1.18.24.jar;D:\codeSoft\.m2\repository\org\springframework\boot\spring-boot-starter-test\2.6.7\spring-boot-starter-test-2.6.7.jar;D:\codeSoft\.m2\repository\org\springframework\boot\spring-boot-test\2.6.7\spring-boot-test-2.6.7.jar;D:\codeSoft\.m2\repository\org\springframework\boot\spring-boot-test-autoconfigure\2.6.7\spring-boot-test-autoconfigure-2.6.7.jar;D:\codeSoft\.m2\repository\com\jayway\jsonpath\json-path\2.6.0\json-path-2.6.0.jar;D:\codeSoft\.m2\repository\net\minidev\json-smart\2.4.8\json-smart-2.4.8.jar;D:\codeSoft\.m2\repository\net\minidev\accessors-smart\2.4.8\accessors-smart-2.4.8.jar;D:\codeSoft\.m2\repository\org\ow2\asm\asm\9.1\asm-9.1.jar;D:\codeSoft\.m2\repository\org\slf4j\slf4j-api\1.7.36\slf4j-api-1.7.36.jar;D:\codeSoft\.m2\repository\jakarta\xml\bind\jakarta.xml.bind-api\2.3.3\jakarta.xml.bind-api-2.3.3.jar;D:\codeSoft\.m2\repository\jakarta\activation\jakarta.activation-api\1.2.2\jakarta.activation-api-1.2.2.jar;D:\codeSoft\.m2\repository\org\assertj\assertj-core\3.21.0\assertj-core-3.21.0.jar;D:\codeSoft\.m2\repository\org\hamcrest\hamcrest\2.2\hamcrest-2.2.jar;D:\codeSoft\.m2\repository\org\junit\jupiter\junit-jupiter\5.8.2\junit-jupiter-5.8.2.jar;D:\codeSoft\.m2\repository\org\junit\jupiter\junit-jupiter-api\5.8.2\junit-jupiter-api-5.8.2.jar;D:\codeSoft\.m2\repository\org\opentest4j\opentest4j\1.2.0\opentest4j-1.2.0.jar;D:\codeSoft\.m2\repository\org\junit\platform\junit-platform-commons\1.8.2\junit-platform-commons-1.8.2.jar;D:\codeSoft\.m2\repository\org\apiguardian\apiguardian-api\1.1.2\apiguardian-api-1.1.2.jar;D:\codeSoft\.m2\repository\org\junit\jupiter\junit-jupiter-params\5.8.2\junit-jupiter-params-5.8.2.jar;D:\codeSoft\.m2\repository\org\junit\jupiter\junit-jupiter-engine\5.8.2\junit-jupiter-engine-5.8.2.jar;D:\codeSoft\.m2\repository\org\junit\platform\junit-platform-engine\1.8.2\junit-platform-engine-1.8.2.jar;D:\codeSoft\.m2\repository\org\mockito\mockito-core\4.0.0\mockito-core-4.0.0.jar;D:\codeSoft\.m2\repository\net\bytebuddy\byte-buddy\1.11.22\byte-buddy-1.11.22.jar;D:\codeSoft\.m2\repository\net\bytebuddy\byte-buddy-agent\1.11.22\byte-buddy-agent-1.11.22.jar;D:\codeSoft\.m2\repository\org\objenesis\objenesis\3.2\objenesis-3.2.jar;D:\codeSoft\.m2\repository\org\mockito\mockito-junit-jupiter\4.0.0\mockito-junit-jupiter-4.0.0.jar;D:\codeSoft\.m2\repository\org\skyscreamer\jsonassert\1.5.0\jsonassert-1.5.0.jar;D:\codeSoft\.m2\repository\com\vaadin\external\google\android-json\0.0.20131108.vaadin1\android-json-0.0.20131108.vaadin1.jar;D:\codeSoft\.m2\repository\org\springframework\spring-test\5.3.19\spring-test-5.3.19.jar;D:\codeSoft\.m2\repository\org\xmlunit\xmlunit-core\2.8.4\xmlunit-core-2.8.4.jar;D:\codeSoft\.m2\repository\org\springframework\boot\spring-boot-starter-web\2.6.7\spring-boot-starter-web-2.6.7.jar;D:\codeSoft\.m2\repository\org\springframework\boot\spring-boot-starter-json\2.6.7\spring-boot-starter-json-2.6.7.jar;D:\codeSoft\.m2\repository\com\fasterxml\jackson\core\jackson-databind\2.13.2.1\jackson-databind-2.13.2.1.jar;D:\codeSoft\.m2\repository\com\fasterxml\jackson\core\jackson-annotations\2.13.2\jackson-annotations-2.13.2.jar;D:\codeSoft\.m2\repository\com\fasterxml\jackson\core\jackson-core\2.13.2\jackson-core-2.13.2.jar;D:\codeSoft\.m2\repository\com\fasterxml\jackson\datatype\jackson-datatype-jdk8\2.13.2\jackson-datatype-jdk8-2.13.2.jar;D:\codeSoft\.m2\repository\com\fasterxml\jackson\datatype\jackson-datatype-jsr310\2.13.2\jackson-datatype-jsr310-2.13.2.jar;D:\codeSoft\.m2\repository\com\fasterxml\jackson\module\jackson-module-parameter-names\2.13.2\jackson-module-parameter-names-2.13.2.jar;D:\codeSoft\.m2\repository\org\springframework\boot\spring-boot-starter-tomcat\2.6.7\spring-boot-starter-tomcat-2.6.7.jar;D:\codeSoft\.m2\repository\org\apache\tomcat\embed\tomcat-embed-core\9.0.62\tomcat-embed-core-9.0.62.jar;D:\codeSoft\.m2\repository\org\apache\tomcat\embed\tomcat-embed-el\9.0.62\tomcat-embed-el-9.0.62.jar;D:\codeSoft\.m2\repository\org\apache\tomcat\embed\tomcat-embed-websocket\9.0.62\tomcat-embed-websocket-9.0.62.jar;D:\codeSoft\.m2\repository\org\springframework\spring-web\5.3.19\spring-web-5.3.19.jar;D:\codeSoft\.m2\repository\org\springframework\spring-beans\5.3.19\spring-beans-5.3.19.jar;D:\codeSoft\.m2\repository\org\springframework\spring-webmvc\5.3.19\spring-webmvc-5.3.19.jar;D:\codeSoft\.m2\repository\org\springframework\spring-aop\5.3.19\spring-aop-5.3.19.jar;D:\codeSoft\.m2\repository\org\springframework\spring-expression\5.3.19\spring-expression-5.3.19.jar;D:\codeSoft\.m2\repository\org\mybatis\mybatis\3.4.4\mybatis-3.4.4.jar;D:\codeSoft\.m2\repository\mysql\mysql-connector-java\8.0.12\mysql-connector-java-8.0.12.jar;D:\codeSoft\.m2\repository\jakarta\validation\jakarta.validation-api\2.0.2\jakarta.validation-api-2.0.2.jar;D:\codeSoft\.m2\repository\com\alibaba\fastjson\1.2.62\fastjson-1.2.62.jar;"/>
    <property name="java.vm.vendor" value="Oracle Corporation"/>
    <property name="sun.arch.data.model" value="64"/>
    <property name="user.variant" value=""/>
    <property name="java.vendor.url" value="http://java.oracle.com/"/>
    <property name="user.timezone" value="Asia/Shanghai"/>
    <property name="java.vm.specification.version" value="1.8"/>
    <property name="os.name" value="Windows 10"/>
    <property name="user.country" value="CN"/>
    <property name="sun.java.launcher" value="SUN_STANDARD"/>
    <property name="sun.boot.library.path" value="D:\codeSoft\jdk\jre\bin"/>
    <property name="sun.java.command" value="C:\Users\DELL\AppData\Local\Temp\surefire7145696780401218521\surefirebooter4730457908250654061.jar C:\Users\DELL\AppData\Local\Temp\surefire7145696780401218521 2022-05-01T18-01-14_342-jvmRun1 surefire2568671815475524022tmp surefire_07043278440110944811tmp"/>
    <property name="surefire.test.class.path" value="D:\web\2022web_lab2\back\target\test-classes;D:\web\2022web_lab2\back\target\classes;D:\codeSoft\.m2\repository\org\springframework\boot\spring-boot-starter\2.6.7\spring-boot-starter-2.6.7.jar;D:\codeSoft\.m2\repository\org\springframework\boot\spring-boot\2.6.7\spring-boot-2.6.7.jar;D:\codeSoft\.m2\repository\org\springframework\spring-context\5.3.19\spring-context-5.3.19.jar;D:\codeSoft\.m2\repository\org\springframework\boot\spring-boot-autoconfigure\2.6.7\spring-boot-autoconfigure-2.6.7.jar;D:\codeSoft\.m2\repository\org\springframework\boot\spring-boot-starter-logging\2.6.7\spring-boot-starter-logging-2.6.7.jar;D:\codeSoft\.m2\repository\ch\qos\logback\logback-classic\1.2.11\logback-classic-1.2.11.jar;D:\codeSoft\.m2\repository\ch\qos\logback\logback-core\1.2.11\logback-core-1.2.11.jar;D:\codeSoft\.m2\repository\org\apache\logging\log4j\log4j-to-slf4j\2.17.2\log4j-to-slf4j-2.17.2.jar;D:\codeSoft\.m2\repository\org\apache\logging\log4j\log4j-api\2.17.2\log4j-api-2.17.2.jar;D:\codeSoft\.m2\repository\org\slf4j\jul-to-slf4j\1.7.36\jul-to-slf4j-1.7.36.jar;D:\codeSoft\.m2\repository\jakarta\annotation\jakarta.annotation-api\1.3.5\jakarta.annotation-api-1.3.5.jar;D:\codeSoft\.m2\repository\org\springframework\spring-core\5.3.19\spring-core-5.3.19.jar;D:\codeSoft\.m2\repository\org\springframework\spring-jcl\5.3.19\spring-jcl-5.3.19.jar;D:\codeSoft\.m2\repository\org\yaml\snakeyaml\1.29\snakeyaml-1.29.jar;D:\codeSoft\.m2\repository\org\projectlombok\lombok\1.18.24\lombok-1.18.24.jar;D:\codeSoft\.m2\repository\org\springframework\boot\spring-boot-starter-test\2.6.7\spring-boot-starter-test-2.6.7.jar;D:\codeSoft\.m2\repository\org\springframework\boot\spring-boot-test\2.6.7\spring-boot-test-2.6.7.jar;D:\codeSoft\.m2\repository\org\springframework\boot\spring-boot-test-autoconfigure\2.6.7\spring-boot-test-autoconfigure-2.6.7.jar;D:\codeSoft\.m2\repository\com\jayway\jsonpath\json-path\2.6.0\json-path-2.6.0.jar;D:\codeSoft\.m2\repository\net\minidev\json-smart\2.4.8\json-smart-2.4.8.jar;D:\codeSoft\.m2\repository\net\minidev\accessors-smart\2.4.8\accessors-smart-2.4.8.jar;D:\codeSoft\.m2\repository\org\ow2\asm\asm\9.1\asm-9.1.jar;D:\codeSoft\.m2\repository\org\slf4j\slf4j-api\1.7.36\slf4j-api-1.7.36.jar;D:\codeSoft\.m2\repository\jakarta\xml\bind\jakarta.xml.bind-api\2.3.3\jakarta.xml.bind-api-2.3.3.jar;D:\codeSoft\.m2\repository\jakarta\activation\jakarta.activation-api\1.2.2\jakarta.activation-api-1.2.2.jar;D:\codeSoft\.m2\repository\org\assertj\assertj-core\3.21.0\assertj-core-3.21.0.jar;D:\codeSoft\.m2\repository\org\hamcrest\hamcrest\2.2\hamcrest-2.2.jar;D:\codeSoft\.m2\repository\org\junit\jupiter\junit-jupiter\5.8.2\junit-jupiter-5.8.2.jar;D:\codeSoft\.m2\repository\org\junit\jupiter\junit-jupiter-api\5.8.2\junit-jupiter-api-5.8.2.jar;D:\codeSoft\.m2\repository\org\opentest4j\opentest4j\1.2.0\opentest4j-1.2.0.jar;D:\codeSoft\.m2\repository\org\junit\platform\junit-platform-commons\1.8.2\junit-platform-commons-1.8.2.jar;D:\codeSoft\.m2\repository\org\apiguardian\apiguardian-api\1.1.2\apiguardian-api-1.1.2.jar;D:\codeSoft\.m2\repository\org\junit\jupiter\junit-jupiter-params\5.8.2\junit-jupiter-params-5.8.2.jar;D:\codeSoft\.m2\repository\org\junit\jupiter\junit-jupiter-engine\5.8.2\junit-jupiter-engine-5.8.2.jar;D:\codeSoft\.m2\repository\org\junit\platform\junit-platform-engine\1.8.2\junit-platform-engine-1.8.2.jar;D:\codeSoft\.m2\repository\org\mockito\mockito-core\4.0.0\mockito-core-4.0.0.jar;D:\codeSoft\.m2\repository\net\bytebuddy\byte-buddy\1.11.22\byte-buddy-1.11.22.jar;D:\codeSoft\.m2\repository\net\bytebuddy\byte-buddy-agent\1.11.22\byte-buddy-agent-1.11.22.jar;D:\codeSoft\.m2\repository\org\objenesis\objenesis\3.2\objenesis-3.2.jar;D:\codeSoft\.m2\repository\org\mockito\mockito-junit-jupiter\4.0.0\mockito-junit-jupiter-4.0.0.jar;D:\codeSoft\.m2\repository\org\skyscreamer\jsonassert\1.5.0\jsonassert-1.5.0.jar;D:\codeSoft\.m2\repository\com\vaadin\external\google\android-json\0.0.20131108.vaadin1\android-json-0.0.20131108.vaadin1.jar;D:\codeSoft\.m2\repository\org\springframework\spring-test\5.3.19\spring-test-5.3.19.jar;D:\codeSoft\.m2\repository\org\xmlunit\xmlunit-core\2.8.4\xmlunit-core-2.8.4.jar;D:\codeSoft\.m2\repository\org\springframework\boot\spring-boot-starter-web\2.6.7\spring-boot-starter-web-2.6.7.jar;D:\codeSoft\.m2\repository\org\springframework\boot\spring-boot-starter-json\2.6.7\spring-boot-starter-json-2.6.7.jar;D:\codeSoft\.m2\repository\com\fasterxml\jackson\core\jackson-databind\2.13.2.1\jackson-databind-2.13.2.1.jar;D:\codeSoft\.m2\repository\com\fasterxml\jackson\core\jackson-annotations\2.13.2\jackson-annotations-2.13.2.jar;D:\codeSoft\.m2\repository\com\fasterxml\jackson\core\jackson-core\2.13.2\jackson-core-2.13.2.jar;D:\codeSoft\.m2\repository\com\fasterxml\jackson\datatype\jackson-datatype-jdk8\2.13.2\jackson-datatype-jdk8-2.13.2.jar;D:\codeSoft\.m2\repository\com\fasterxml\jackson\datatype\jackson-datatype-jsr310\2.13.2\jackson-datatype-jsr310-2.13.2.jar;D:\codeSoft\.m2\repository\com\fasterxml\jackson\module\jackson-module-parameter-names\2.13.2\jackson-module-parameter-names-2.13.2.jar;D:\codeSoft\.m2\repository\org\springframework\boot\spring-boot-starter-tomcat\2.6.7\spring-boot-starter-tomcat-2.6.7.jar;D:\codeSoft\.m2\repository\org\apache\tomcat\embed\tomcat-embed-core\9.0.62\tomcat-embed-core-9.0.62.jar;D:\codeSoft\.m2\repository\org\apache\tomcat\embed\tomcat-embed-el\9.0.62\tomcat-embed-el-9.0.62.jar;D:\codeSoft\.m2\repository\org\apache\tomcat\embed\tomcat-embed-websocket\9.0.62\tomcat-embed-websocket-9.0.62.jar;D:\codeSoft\.m2\repository\org\springframework\spring-web\5.3.19\spring-web-5.3.19.jar;D:\codeSoft\.m2\repository\org\springframework\spring-beans\5.3.19\spring-beans-5.3.19.jar;D:\codeSoft\.m2\repository\org\springframework\spring-webmvc\5.3.19\spring-webmvc-5.3.19.jar;D:\codeSoft\.m2\repository\org\springframework\spring-aop\5.3.19\spring-aop-5.3.19.jar;D:\codeSoft\.m2\repository\org\springframework\spring-expression\5.3.19\spring-expression-5.3.19.jar;D:\codeSoft\.m2\repository\org\mybatis\mybatis\3.4.4\mybatis-3.4.4.jar;D:\codeSoft\.m2\repository\mysql\mysql-connector-java\8.0.12\mysql-connector-java-8.0.12.jar;D:\codeSoft\.m2\repository\jakarta\validation\jakarta.validation-api\2.0.2\jakarta.validation-api-2.0.2.jar;D:\codeSoft\.m2\repository\com\alibaba\fastjson\1.2.62\fastjson-1.2.62.jar;"/>
    <property name="sun.cpu.endian" value="little"/>
    <property name="user.home" value="C:\Users\DELL"/>
    <property name="user.language" value="zh"/>
    <property name="java.specification.vendor" value="Oracle Corporation"/>
    <property name="java.home" value="D:\codeSoft\jdk\jre"/>
    <property name="basedir" value="D:\web\2022web_lab2\back"/>
    <property name="file.separator" value="\"/>
    <property name="line.separator" value="&#10;"/>
    <property name="java.vm.specification.vendor" value="Oracle Corporation"/>
    <property name="java.specification.name" value="Java Platform API Specification"/>
    <property name="java.awt.graphicsenv" value="sun.awt.Win32GraphicsEnvironment"/>
    <property name="surefire.real.class.path" value="C:\Users\DELL\AppData\Local\Temp\surefire7145696780401218521\surefirebooter4730457908250654061.jar"/>
    <property name="sun.boot.class.path" value="D:\codeSoft\jdk\jre\lib\resources.jar;D:\codeSoft\jdk\jre\lib\rt.jar;D:\codeSoft\jdk\jre\lib\sunrsasign.jar;D:\codeSoft\jdk\jre\lib\jsse.jar;D:\codeSoft\jdk\jre\lib\jce.jar;D:\codeSoft\jdk\jre\lib\charsets.jar;D:\codeSoft\jdk\jre\lib\jfr.jar;D:\codeSoft\jdk\jre\classes"/>
    <property name="user.script" value=""/>
    <property name="sun.management.compiler" value="HotSpot 64-Bit Tiered Compilers"/>
    <property name="java.runtime.version" value="1.8.0_281-b09"/>
    <property name="user.name" value="DELL"/>
    <property name="path.separator" value=";"/>
    <property name="os.version" value="10.0"/>
    <property name="java.endorsed.dirs" value="D:\codeSoft\jdk\jre\lib\endorsed"/>
    <property name="java.runtime.name" value="Java(TM) SE Runtime Environment"/>
    <property name="file.encoding" value="GBK"/>
    <property name="java.vm.name" value="Java HotSpot(TM) 64-Bit Server VM"/>
    <property name="localRepository" value="D:\codeSoft\.m2\repository"/>
    <property name="java.vendor.url.bug" value="http://bugreport.sun.com/bugreport/"/>
    <property name="java.io.tmpdir" value="C:\Users\DELL\AppData\Local\Temp\"/>
    <property name="java.version" value="1.8.0_281"/>
    <property name="user.dir" value="D:\web\2022web_lab2\back"/>
    <property name="os.arch" value="amd64"/>
    <property name="java.vm.specification.name" value="Java Virtual Machine Specification"/>
    <property name="java.awt.printerjob" value="sun.awt.windows.WPrinterJob"/>
    <property name="sun.os.patch.level" value=""/>
    <property name="java.library.path" value="D:\codeSoft\jdk\jre\bin;C:\WINDOWS\Sun\Java\bin;C:\WINDOWS\system32;C:\WINDOWS;C:\Program Files (x86)\Common Files\Oracle\Java\javapath;C:\Windows\system32;C:\Windows;C:\Windows\System32\Wbem;C:\Windows\System32\WindowsPowerShell\v1.0\;C:\Windows\System32\OpenSSH\;C:\Program Files (x86)\NVIDIA Corporation\PhysX\Common;C:\Program Files\NVIDIA Corporation\NVIDIA NvDLISR;D:\codeSoft\Anaconda3\Scripts;D:\codeSoft\Anaconda3;D:\codeSoft\Maven\apache-maven-3.6.3\bin;D:\codeSoft\jdk\bin;D:\codeSoft\jdk\lib;D:\codeSoft\mingw\MinGW\bin;C:\WINDOWS\system32;C:\WINDOWS;C:\WINDOWS\System32\Wbem;C:\WINDOWS\System32\WindowsPowerShell\v1.0\;C:\WINDOWS\System32\OpenSSH\;D:\codeSoft\Node.js\;D:\Git\bin;D:\Git\mingw64\libexec\git-core;;C:\Program Files\Docker\Docker\resources\bin;C:\ProgramData\DockerDesktop\version-bin;C:\Users\DELL\AppData\Local\Microsoft\WindowsApps;D:\codeSoft\Node.js\node_global;;."/>
    <property name="java.vm.info" value="mixed mode"/>
    <property name="java.vendor" value="Oracle Corporation"/>
    <property name="java.vm.version" value="25.281-b09"/>
    <property name="java.ext.dirs" value="D:\codeSoft\jdk\jre\lib\ext;C:\WINDOWS\Sun\Java\lib\ext"/>
    <property name="sun.io.unicode.encoding" value="UnicodeLittle"/>
    <property name="java.class.version" value="52.0"/>
  </properties>
  <testcase name="contextLoads" classname="adweb.lab2.WebApplicationTests" time="0.214"/>
</testsuite>